0 info it worked if it ends with ok
1 verbose cli [ 'C:\\Program Files\\nodejs\\node.exe',
1 verbose cli   'C:\\Program Files\\nodejs\\node_modules\\npm\\bin\\npm-cli.js',
1 verbose cli   'install',
1 verbose cli   'colors' ]
2 info using npm@3.8.9
3 info using node@v6.2.0
4 silly loadCurrentTree Starting
5 silly install loadCurrentTree
6 silly install readLocalPackageData
7 silly fetchPackageMetaData colors@^1.1.2
8 silly fetchNamedPackageData colors
9 silly mapToRegistry name colors
10 silly mapToRegistry using default registry
11 silly mapToRegistry registry http://r.cnpmjs.org/
12 silly mapToRegistry data Result {
12 silly mapToRegistry   raw: 'colors',
12 silly mapToRegistry   scope: null,
12 silly mapToRegistry   name: 'colors',
12 silly mapToRegistry   rawSpec: '',
12 silly mapToRegistry   spec: 'latest',
12 silly mapToRegistry   type: 'tag' }
13 silly mapToRegistry uri http://r.cnpmjs.org/colors
14 verbose request uri http://r.cnpmjs.org/colors
15 verbose request no auth needed
16 info attempt registry request try #1 at 10:28:46
17 verbose request id b82eb28175308433
18 http request GET http://r.cnpmjs.org/colors
19 http 200 http://r.cnpmjs.org/colors
20 verbose headers { server: 'nginx/1.4.6 (Ubuntu)',
20 verbose headers   date: 'Mon, 17 Apr 2017 02:28:47 GMT',
20 verbose headers   'content-type': 'application/json; charset=utf-8',
20 verbose headers   'transfer-encoding': 'chunked',
20 verbose headers   connection: 'keep-alive',
20 verbose headers   'x-current-requests': '1',
20 verbose headers   'x-readtime': '81',
20 verbose headers   'strict-transport-security': 'max-age=15768000',
20 verbose headers   'content-encoding': 'gzip' }
21 silly get cb [ 200,
21 silly get   { server: 'nginx/1.4.6 (Ubuntu)',
21 silly get     date: 'Mon, 17 Apr 2017 02:28:47 GMT',
21 silly get     'content-type': 'application/json; charset=utf-8',
21 silly get     'transfer-encoding': 'chunked',
21 silly get     connection: 'keep-alive',
21 silly get     'x-current-requests': '1',
21 silly get     'x-readtime': '81',
21 silly get     'strict-transport-security': 'max-age=15768000',
21 silly get     'content-encoding': 'gzip' } ]
22 verbose get saving colors to C:\Program Files\nodejs\cache\r.cnpmjs.org\colors\.cache.json
23 verbose correctMkdir C:\Program Files\nodejs\cache correctMkdir not in flight; initializing
24 silly install normalizeTree
25 silly loadCurrentTree Finishing
26 silly loadIdealTree Starting
27 silly install loadIdealTree
28 silly cloneCurrentTree Starting
29 silly install cloneCurrentTreeToIdealTree
30 silly cloneCurrentTree Finishing
31 silly loadShrinkwrap Starting
32 silly install loadShrinkwrap
33 silly loadShrinkwrap Finishing
34 silly loadAllDepsIntoIdealTree Starting
35 silly install loadAllDepsIntoIdealTree
36 silly resolveWithNewModule colors@1.1.2 checking installable status
37 silly cache add args [ 'colors@^1.1.2', null ]
38 verbose cache add spec colors@^1.1.2
39 silly cache add parsed spec Result {
39 silly cache add   raw: 'colors@^1.1.2',
39 silly cache add   scope: null,
39 silly cache add   name: 'colors',
39 silly cache add   rawSpec: '^1.1.2',
39 silly cache add   spec: '>=1.1.2 <2.0.0',
39 silly cache add   type: 'range' }
40 silly addNamed colors@>=1.1.2 <2.0.0
41 verbose addNamed ">=1.1.2 <2.0.0" is a valid semver range for colors
42 silly addNameRange { name: 'colors', range: '>=1.1.2 <2.0.0', hasData: false }
43 silly mapToRegistry name colors
44 silly mapToRegistry using default registry
45 silly mapToRegistry registry http://r.cnpmjs.org/
46 silly mapToRegistry data Result {
46 silly mapToRegistry   raw: 'colors',
46 silly mapToRegistry   scope: null,
46 silly mapToRegistry   name: 'colors',
46 silly mapToRegistry   rawSpec: '',
46 silly mapToRegistry   spec: 'latest',
46 silly mapToRegistry   type: 'tag' }
47 silly mapToRegistry uri http://r.cnpmjs.org/colors
48 verbose addNameRange registry:http://r.cnpmjs.org/colors not in flight; fetching
49 verbose request uri http://r.cnpmjs.org/colors
50 verbose request no auth needed
51 info attempt registry request try #1 at 10:28:47
52 http request GET http://r.cnpmjs.org/colors
53 http 200 http://r.cnpmjs.org/colors
54 verbose headers { server: 'nginx/1.4.6 (Ubuntu)',
54 verbose headers   date: 'Mon, 17 Apr 2017 02:28:47 GMT',
54 verbose headers   'content-type': 'application/json; charset=utf-8',
54 verbose headers   'transfer-encoding': 'chunked',
54 verbose headers   connection: 'keep-alive',
54 verbose headers   'x-current-requests': '1',
54 verbose headers   'x-readtime': '41',
54 verbose headers   'strict-transport-security': 'max-age=15768000',
54 verbose headers   'content-encoding': 'gzip' }
55 silly get cb [ 200,
55 silly get   { server: 'nginx/1.4.6 (Ubuntu)',
55 silly get     date: 'Mon, 17 Apr 2017 02:28:47 GMT',
55 silly get     'content-type': 'application/json; charset=utf-8',
55 silly get     'transfer-encoding': 'chunked',
55 silly get     connection: 'keep-alive',
55 silly get     'x-current-requests': '1',
55 silly get     'x-readtime': '41',
55 silly get     'strict-transport-security': 'max-age=15768000',
55 silly get     'content-encoding': 'gzip' } ]
56 verbose get saving colors to C:\Program Files\nodejs\cache\r.cnpmjs.org\colors\.cache.json
57 verbose correctMkdir C:\Program Files\nodejs\cache correctMkdir not in flight; initializing
58 silly addNameRange number 2 { name: 'colors', range: '>=1.1.2 <2.0.0', hasData: true }
59 silly addNameRange versions [ 'colors',
59 silly addNameRange   [ '1.1.2',
59 silly addNameRange     '1.1.1',
59 silly addNameRange     '1.1.0',
59 silly addNameRange     '1.0.3',
59 silly addNameRange     '1.0.2',
59 silly addNameRange     '1.0.1',
59 silly addNameRange     '1.0.0',
59 silly addNameRange     '0.6.2',
59 silly addNameRange     '0.6.1',
59 silly addNameRange     '0.6.0-1',
59 silly addNameRange     '0.6.0',
59 silly addNameRange     '0.5.1',
59 silly addNameRange     '0.5.0',
59 silly addNameRange     '0.3.0' ] ]
60 silly addNamed colors@1.1.2
61 verbose addNamed "1.1.2" is a plain semver version for colors
62 silly cache afterAdd colors@1.1.2
63 verbose afterAdd C:\Program Files\nodejs\cache\colors\1.1.2\package\package.json not in flight; writing
64 verbose correctMkdir C:\Program Files\nodejs\cache correctMkdir not in flight; initializing
65 silly loadAllDepsIntoIdealTree Finishing
66 silly idealTree:prePrune koa2@0.1.0
66 silly idealTree:prePrune `-- colors@1.1.2
67 silly loadIdealTree Finishing
68 silly currentTree koa2@0.1.0
69 silly idealTree koa2@0.1.0
69 silly idealTree `-- colors@1.1.2
70 silly generateActionsToTake Starting
71 silly install generateActionsToTake
72 silly generateActionsToTake Finishing
73 silly diffTrees action count 1
74 silly diffTrees add colors@1.1.2
75 silly decomposeActions action count 8
76 silly decomposeActions fetch colors@1.1.2
77 silly decomposeActions extract colors@1.1.2
78 silly decomposeActions test colors@1.1.2
79 silly decomposeActions preinstall colors@1.1.2
80 silly decomposeActions build colors@1.1.2
81 silly decomposeActions install colors@1.1.2
82 silly decomposeActions postinstall colors@1.1.2
83 silly decomposeActions finalize colors@1.1.2
84 silly executeActions Starting
85 silly install executeActions
86 silly doSerial global-install 0
87 silly doParallel fetch 1
88 verbose correctMkdir C:\Program Files\nodejs\cache\_locks correctMkdir not in flight; initializing
89 warn locking Error: EPERM: operation not permitted, open 'C:\Program Files\nodejs\cache\_locks\staging-dda2011d810bc5a1.lock'
89 warn locking     at Error (native)
89 warn locking  C:\Program Files\nodejs\cache\_locks\staging-dda2011d810bc5a1.lock failed { Error: EPERM: operation not permitted, open 'C:\Program Files\nodejs\cache\_locks\staging-dda2011d810bc5a1.lock'
89 warn locking     at Error (native)
89 warn locking   errno: -4048,
89 warn locking   code: 'EPERM',
89 warn locking   syscall: 'open',
89 warn locking   path: 'C:\\Program Files\\nodejs\\cache\\_locks\\staging-dda2011d810bc5a1.lock' }
90 silly rollbackFailedOptional Starting
91 silly rollbackFailedOptional Finishing
92 silly runTopLevelLifecycles Starting
93 silly runTopLevelLifecycles Finishing
94 silly install printInstalled
95 verbose stack Error: EPERM: operation not permitted, open 'C:\Program Files\nodejs\cache\_locks\staging-dda2011d810bc5a1.lock'
95 verbose stack     at Error (native)
96 verbose cwd E:\workspaceForGithub\koa2-pro
97 error Windows_NT 10.0.14393
98 error argv "C:\\Program Files\\nodejs\\node.exe" "C:\\Program Files\\nodejs\\node_modules\\npm\\bin\\npm-cli.js" "install" "colors"
99 error node v6.2.0
100 error npm  v3.8.9
101 error path C:\Program Files\nodejs\cache\_locks\staging-dda2011d810bc5a1.lock
102 error code EPERM
103 error errno -4048
104 error syscall open
105 error Error: EPERM: operation not permitted, open 'C:\Program Files\nodejs\cache\_locks\staging-dda2011d810bc5a1.lock'
105 error     at Error (native)
105 error  { Error: EPERM: operation not permitted, open 'C:\Program Files\nodejs\cache\_locks\staging-dda2011d810bc5a1.lock'
105 error     at Error (native)
105 error   errno: -4048,
105 error   code: 'EPERM',
105 error   syscall: 'open',
105 error   path: 'C:\\Program Files\\nodejs\\cache\\_locks\\staging-dda2011d810bc5a1.lock' }
106 error Please try running this command again as root/Administrator.
107 verbose exit [ -4048, true ]
